<?xml version="1.0" encoding="UTF-8"?>
<!-- Generated by org.testng.reporters.JUnitXMLReporter -->
<testsuite ignored="0" hostname="INHYLP0031" failures="0" tests="4" name="Test" time="8.14" errors="0" timestamp="2023-06-20T12:50:55 IST">
  <testcase classname="Authorization.one_token" name="loginApi" time="3.716"/>
  <testcase classname="Authorization.one_token" name="oath" time="1.189"/>
  <testcase classname="Authorization.one_token" name="oauth" time="1.444"/>
  <testcase classname="Authorization.one_token" name="Final_token" time="1.72"/>
</testsuite> <!-- Test -->
