<?xml version="1.0" encoding="UTF-8"?>
<!-- Generated by org.testng.reporters.JUnitXMLReporter -->
<testsuite ignored="0" hostname="INHYLP0031" failures="1" tests="8" name="Test" time="14.969" errors="0" timestamp="2023-06-14T12:40:34 IST">
  <testcase classname="Complex.post" name="check" time="7.817"/>
  <testcase classname="Complex.post" name="postassret" time="1.28"/>
  <testcase classname="rest.xdv" name="createUser" time="1.71">
    <failure type="java.lang.NumberFormatException" message="For input string: &amp;quot;9223372036854752320&amp;quot;">
      <![CDATA[java.lang.NumberFormatException: For input string: "9223372036854752320"
at java.base/java.lang.NumberFormatException.forInputString(NumberFormatException.java:67)
at java.base/java.lang.Integer.parseInt(Integer.java:668)
at java.base/java.lang.Integer.parseInt(Integer.java:786)
at java_lang_Integer$parseInt.call(Unknown Source)
at org.codehaus.groovy.runtime.callsite.CallSiteArray.defaultCall(CallSiteArray.java:46)
at org.codehaus.groovy.runtime.callsite.AbstractCallSite.call(AbstractCallSite.java:125)
at org.codehaus.groovy.runtime.callsite.AbstractCallSite.call(AbstractCallSite.java:139)
at io.restassured.internal.common.path.ObjectConverter.convertObjectTo(ObjectConverter.groovy:29)
at io.restassured.path.json.JsonPath.getInt(JsonPath.java:245)
at rest.xdv.createUser(xdv.java:37)
at java.base/java.util.ArrayList.forEach(ArrayList.java:1511)
... Removed 27 stack frames]]>
    </failure>
  </testcase> <!-- createUser -->
  <testcase classname="Complex.Postpp" name="BDD" time="1.311"/>
  <testcase classname="Complex.BDD_get" name="get" time="1.157"/>
  <testcase classname="rest.BasicPost" name="post1" time="1.365"/>
  <testcase classname="rest.Basic" name="Getall" time="0.167"/>
  <testcase classname="rest.Basic" name="get" time="0.094"/>
</testsuite> <!-- Test -->
