<?xml version="1.0" encoding="UTF-8"?>
<testng-results ignored="0" total="1" passed="1" failed="0" skipped="0">
  <reporter-output>
  </reporter-output>
  <suite started-at="2023-06-14T11:23:42 IST" name="Default suite" finished-at="2023-06-14T11:23:47 IST" duration-ms="4856">
    <groups>
    </groups>
    <test started-at="2023-06-14T11:23:42 IST" name="Default test" finished-at="2023-06-14T11:23:47 IST" duration-ms="4856">
      <class name="Complex.Postpp">
        <test-method signature="BDD()[pri:0, instance:Complex.Postpp@32b260fa]" started-at="2023-06-14T11:23:42 IST" name="BDD" finished-at="2023-06-14T11:23:47 IST" duration-ms="4770" status="PASS">
          <reporter-output>
          </reporter-output>
        </test-method> <!-- BDD -->
      </class> <!-- Complex.Postpp -->
    </test> <!-- Default test -->
  </suite> <!-- Default suite -->
</testng-results>
